Diagnose log at 2026-03-02T08:14:57Z

AppPath: C:\Program Files\Git\mingw64\bin\git-credential-manager.exe
InstallDir: C:\Program Files\Git\mingw64\bin\
Version: 2.5.1+90d5f897f164a8fe07d2aa3bf7db439b0b4e03ea

------------
Diagnostic: Environment
Skipped: False
Success: True
Exception: None
Log:
OSType: Windows
OSVersion: 10.0 (build 26200)
Reading environment variables... OK
 Variables:
HOMEPATH=\Users\Laptop
DriverData=C:\Windows\System32\Drivers\DriverData
COMPUTERNAME=DESKTOP-3JVVU2T
HOME=C:\Users\Laptop
MSYSTEM=MINGW64
CommonProgramFiles(x86)=C:\Program Files (x86)\Common Files
EFC_11416_2283032206=1
OneDrive=C:\Users\Laptop\OneDrive
ChocolateyLastPathUpdate=133712106297516889
ProgramFiles(x86)=C:\Program Files (x86)
EFC_11416_3789132940=1
TMP=C:\Users\Laptop\AppData\Local\Temp
CONFIG_SITE=C:/Program Files/Git/etc/config.site
LC_CTYPE=en_US.UTF-8
PROCESSOR_ARCHITECTURE=x86
PATHEXT=.COM;.EXE;.BAT;.CMD;.VBS;.VBE;.JS;.JSE;.WSF;.WSH;.MSC;.PY;.PYW
MSYSTEM_PREFIX=C:/Program Files/Git/mingw64
USERNAME=Laptop
MINGW_PREFIX=C:/Program Files/Git/mingw64
GIT_EXEC_PATH=C:/Program Files/Git/mingw64/libexec/git-core
ACLOCAL_PATH=C:\Program Files\Git\mingw64\share\aclocal;C:\Program Files\Git\usr\share\aclocal
TEMP=C:\Users\Laptop\AppData\Local\Temp
LOCALAPPDATA=C:\Users\Laptop\AppData\Local
MANPATH=C:\Program Files\Git\mingw64\local\man;C:\Program Files\Git\mingw64\share\man;C:\Program Files\Git\usr\local\man;C:\Program Files\Git\usr\share\man;C:\Program Files\Git\usr\man;C:\Program Files\Git\share\man
TERM=xterm
PROCESSOR_IDENTIFIER=Intel64 Family 6 Model 142 Stepping 10, GenuineIntel
MSYSTEM_CARCH=x86_64
PROGRAMFILES=C:\Program Files (x86)
ProgramData=C:\ProgramData
TERM_PROGRAM_VERSION=3.7.4
ORIGINAL_TMP=C:/Users/Laptop/AppData/Local/Temp
PROCESSOR_REVISION=8e0a
SYSTEMROOT=C:\WINDOWS
EFC_11416_1592913036=1
TERM_PROGRAM=mintty
PROCESSOR_LEVEL=6
NUMBER_OF_PROCESSORS=8
SSH_ASKPASS=C:/Program Files/Git/mingw64/bin/git-askpass.exe
SHLVL=1
APPDATA=C:\Users\Laptop\AppData\Roaming
SYSTEMDRIVE=C:
PSModulePath=C:\Program Files\WindowsPowerShell\Modules;C:\WINDOWS\system32\WindowsPowerShell\v1.0\Modules
PUBLIC=C:\Users\Public
FPS_BROWSER_USER_PROFILE_STRING=Default
PKG_CONFIG_PATH=C:\Program Files\Git\mingw64\lib\pkgconfig;C:\Program Files\Git\mingw64\share\pkgconfig
USERDOMAIN_ROAMINGPROFILE=DESKTOP-3JVVU2T
MSYSTEM_CHOST=x86_64-w64-mingw32
ORIGINAL_TEMP=C:/Users/Laptop/AppData/Local/Temp
WINDIR=C:\WINDOWS
PLINK_PROTOCOL=ssh
INFOPATH=C:\Program Files\Git\mingw64\local\info;C:\Program Files\Git\mingw64\share\info;C:\Program Files\Git\usr\local\info;C:\Program Files\Git\usr\share\info;C:\Program Files\Git\usr\info;C:\Program Files\Git\share\info
MSYS=disable_pcon
PATH=C:/Program Files/Git/mingw64/libexec/git-core;C:\Users\Laptop\bin;C:\Program Files\Git\mingw64\bin;C:\Program Files\Git\usr\local\bin;C:\Program Files\Git\usr\bin;C:\Program Files\Git\usr\bin;C:\Program Files\Git\mingw64\bin;C:\Program Files\Git\usr\bin;C:\Users\Laptop\bin;C:\Program Files (x86)\Common Files\Oracle\Java\java8path;C:\Program Files (x86)\Common Files\Oracle\Java\javapath;C:\Python312\Scripts;C:\Python312;C:\WINDOWS\system32;C:\WINDOWS;C:\WINDOWS\System32\Wbem;C:\WINDOWS\System32\WindowsPowerShell\v1.0;C:\WINDOWS\System32\OpenSSH;C:\Program Files\Intel\WiFi\bin;C:\Program Files\Common Files\Intel\WirelessCommon;C:\Program Files\Git\cmd;C:\Program Files (x86)\IDEMIA\AWP\Dlls;C:\Program Files\IDEMIA\AWP\Dlls;C:\Program Files\PuTTY;C:\ProgramData\chocolatey\bin;C:\Program Files (x86)\Microsoft SQL Server\160\DTS\Binn;C:\Program Files\nodejs23;C:\Program Files\wkhtmltopdf\bin;C:\Program Files\Docker\Docker\resources\bin;C:\Users\Laptop\AppData\Local\Microsoft\WindowsApps;C:\Program Files\JetBrains\PhpStorm 2024.2\bin;C:\Users\Laptop\.bun\bin;C:\Users\Laptop\AppData\Roaming\npm;C:\Program Files\wkhtmltopdf\bin;C:\Program Files\Git\usr\bin\vendor_perl;C:\Program Files\Git\usr\bin\core_perl
ChocolateyInstall=C:\ProgramData\chocolatey
GIT_TRACE2_PARENT_SID=b0ad7d94-f897-4623-be5c-6616fa52f5cf
FPS_BROWSER_APP_PROFILE_STRING=Internet Explorer
PKG_CONFIG_SYSTEM_LIBRARY_PATH=C:/Program Files/Git/mingw64/lib
TMPDIR=C:\Users\Laptop\AppData\Local\Temp
ProgramW6432=C:\Program Files
SHELL=C:\Program Files\Git\usr\bin\bash.exe
EFC_11416_1262719628=1
COMSPEC=C:\WINDOWS\system32\cmd.exe
ZES_ENABLE_SYSMAN=1
LOGONSERVER=\\DESKTOP-3JVVU2T
USERPROFILE=C:\Users\Laptop
DISPLAY=needs-to-be-defined
COMMONPROGRAMFILES=C:\Program Files (x86)\Common Files
USERDOMAIN=DESKTOP-3JVVU2T
CommonProgramW6432=C:\Program Files\Common Files
HOMEDRIVE=C:
MINGW_PACKAGE_PREFIX=mingw-w64-x86_64
SESSIONNAME=Console
PWD=C:/development/zip/eelarve62
EXEPATH=C:\Program Files\Git
HOSTNAME=DESKTOP-3JVVU2T
PROCESSOR_ARCHITEW6432=AMD64
ORIGINAL_PATH=C:\Program Files\Git\mingw64\bin;C:\Program Files\Git\usr\bin;C:\Users\Laptop\bin;C:\Program Files (x86)\Common Files\Oracle\Java\java8path;C:\Program Files (x86)\Common Files\Oracle\Java\javapath;C:\Python312\Scripts;C:\Python312;C:\WINDOWS\system32;C:\WINDOWS;C:\WINDOWS\System32\Wbem;C:\WINDOWS\System32\WindowsPowerShell\v1.0;C:\WINDOWS\System32\OpenSSH;C:\Program Files\Intel\WiFi\bin;C:\Program Files\Common Files\Intel\WirelessCommon;C:\Program Files\Git\cmd;C:\Program Files (x86)\IDEMIA\AWP\Dlls;C:\Program Files\IDEMIA\AWP\Dlls;C:\Program Files\PuTTY;C:\ProgramData\chocolatey\bin;C:\Program Files (x86)\Microsoft SQL Server\160\DTS\Binn;C:\Program Files\nodejs23;C:\Program Files\wkhtmltopdf\bin;C:\Program Files\Docker\Docker\resources\bin;C:\Users\Laptop\AppData\Local\Microsoft\WindowsApps;C:\Program Files\JetBrains\PhpStorm 2024.2\bin;C:\Users\Laptop\.bun\bin;C:\Users\Laptop\AppData\Roaming\npm;C:\Program Files\wkhtmltopdf\bin
EFC_11416_2775293581=1
PS1=\[\033]0;$TITLEPREFIX:$PWD\007\]\n\[\033[32m\]\u@\h \[\033[35m\]$MSYSTEM \[\033[33m\]\w\[\033[36m\]`__git_ps1`\[\033[0m\]\n$ 
OS=Windows_NT
PhpStorm=C:\Program Files\JetBrains\PhpStorm 2024.2\bin;
MINGW_CHOST=x86_64-w64-mingw32
PKG_CONFIG_SYSTEM_INCLUDE_PATH=C:/Program Files/Git/mingw64/include
_=C:/Program Files/Git/mingw64/bin/git
ALLUSERSPROFILE=C:\ProgramData


------------
Diagnostic: File system
Skipped: False
Success: True
Exception: None
Log:
Temporary directory is 'C:\Users\Laptop\AppData\Local\Temp\'...
Checking basic file I/O...
Writing to temporary file 'C:\Users\Laptop\AppData\Local\Temp\06714c63a279eb469a868ae9'... OK
Reading from temporary file 'C:\Users\Laptop\AppData\Local\Temp\06714c63a279eb469a868ae9'... OK
Deleting temporary file 'C:\Users\Laptop\AppData\Local\Temp\06714c63a279eb469a868ae9'... OK
Testing IFileSystem instance...
UserHomePath: C:\Users\Laptop
UserDataDirectoryPath: C:\Users\Laptop\.gcm
GetCurrentDirectory(): C:\development\zip\eelarve62

------------
Diagnostic: Networking
Skipped: False
Success: True
Exception: None
Log:
Checking networking and HTTP stack...
Creating HTTP client... OK
IsNetworkAvailable: True
Sending HEAD request to http://example.com...Sending HEAD request to https://example.com... OK
 OK
Acquiring free TCP port... OK
Testing local HTTP loopback connections...
Creating new HTTP listener for http://localhost:61831/... OK
Waiting for loopback connection... OK
Writing response... OK
Waiting for response data... OK
Loopback connection data OK

------------
Diagnostic: Git
Skipped: False
Success: True
Exception: None
Log:
Getting Git version... OK
Git version is '2.46.0.windows.1'
Locating current repository...Git repository at 'C:/development/zip/eelarve62/.git'
 OK
Listing all Git configuration... OK
Git configuration:
file:C:/Program Files/Git/etc/gitconfig	diff.astextplain.textconv=astextplain
file:C:/Program Files/Git/etc/gitconfig	filter.lfs.clean=git-lfs clean -- %f
file:C:/Program Files/Git/etc/gitconfig	filter.lfs.smudge=git-lfs smudge -- %f
file:C:/Program Files/Git/etc/gitconfig	filter.lfs.process=git-lfs filter-process
file:C:/Program Files/Git/etc/gitconfig	filter.lfs.required=true
file:C:/Program Files/Git/etc/gitconfig	http.sslbackend=openssl
file:C:/Program Files/Git/etc/gitconfig	http.sslcainfo=C:/Program Files/Git/mingw64/etc/ssl/certs/ca-bundle.crt
file:C:/Program Files/Git/etc/gitconfig	core.autocrlf=true
file:C:/Program Files/Git/etc/gitconfig	core.fscache=true
file:C:/Program Files/Git/etc/gitconfig	core.symlinks=false
file:C:/Program Files/Git/etc/gitconfig	pull.rebase=false
file:C:/Program Files/Git/etc/gitconfig	credential.helper=manager
file:C:/Program Files/Git/etc/gitconfig	credential.https://dev.azure.com.usehttppath=true
file:C:/Program Files/Git/etc/gitconfig	init.defaultbranch=master
file:C:/Users/Laptop/.gitconfig	user.name=GordinV
file:C:/Users/Laptop/.gitconfig	user.email=vladislav.gordin@gmail.com
file:C:/Users/Laptop/.gitconfig	credential.helper=
file:C:/Users/Laptop/.gitconfig	credential.helper=C:/Program\ Files/Git/mingw64/bin/git-credential-manager.exe
file:.git/config	core.repositoryformatversion=0
file:.git/config	core.filemode=false
file:.git/config	core.bare=false
file:.git/config	core.logallrefupdates=true
file:.git/config	core.symlinks=false
file:.git/config	core.ignorecase=true
file:.git/config	remote.origin.url=https://github.com/GordinV/eelarve62.git
file:.git/config	remote.origin.fetch=+refs/heads/master:refs/remotes/origin/master
file:.git/config	branch.master.remote=origin
file:.git/config	branch.master.merge=refs/heads/master
file:.git/config	gui.wmstate=normal
file:.git/config	gui.geometry=893x435+156+156 175 196


------------
Diagnostic: Credential storage
Skipped: False
Success: True
Exception: None
Log:
ICredentialStore instance is of type: CredentialStore
Writing test credential... OK
Reading test credential... OK
Deleting test credential... OK

------------
Diagnostic: Microsoft authentication (AAD/MSA)
Skipped: False
Success: True
Exception: None
Log:
Broker is not enabled.
Flow type is: Auto
Gathering MSAL token cache data... OK
CacheDirectory: C:\Users\Laptop\AppData\Local\.IdentityService
CacheFileName: msal.cache
CacheFilePath: C:\Users\Laptop\AppData\Local\.IdentityService\msal.cache
Creating cache helper... OK
Verifying MSAL token cache persistence... OK

------------
Diagnostic: GitHub API
Skipped: False
Success: True
Exception: None
Log:
Using 'https://github.com/' as API target.
Querying '/meta' endpoint... OK

